  [4;36;1mSQL (0.4ms)[0m   [0;1m SELECT name
 FROM sqlite_master
 WHERE type = 'table' AND NOT name = 'sqlite_sequence'
[0m
  [4;35;1mSQL (0.4ms)[0m   [0mselect sqlite_version(*)[0m
  [4;36;1mSQL (2.8ms)[0m   [0;1mCREATE TABLE "schema_migrations" ("version" varchar(255) NOT NULL) [0m
  [4;35;1mSQL (2.4ms)[0m   [0mCREATE UNIQUE INDEX "unique_schema_migrations" ON "schema_migrations" ("version")[0m
  [4;36;1mSQL (0.4ms)[0m   [0;1m SELECT name
 FROM sqlite_master
 WHERE type = 'table' AND NOT name = 'sqlite_sequence'
[0m
  [4;35;1mSQL (0.2ms)[0m   [0mSELECT version FROM schema_migrations[0m
Migrating to CreateUsers (20100316060557)
  [4;36;1mSQL (0.7ms)[0m   [0;1mCREATE TABLE "users" ("id" INTEGER PRIMARY KEY AUTOINCREMENT NOT NULL, "first_name" varchar(255), "last_name" varchar(255), "phone_number" varchar(255), "date_of_birth" date, "city" varchar(255), "state" varchar(255)) [0m
  [4;35;1mSQL (0.2ms)[0m   [0mINSERT INTO schema_migrations (version) VALUES ('20100316060557')[0m
  [4;36;1mSQL (0.6ms)[0m   [0;1m SELECT name
 FROM sqlite_master
 WHERE type = 'table' AND NOT name = 'sqlite_sequence'
[0m
  [4;35;1mSQL (0.3ms)[0m   [0mSELECT version FROM schema_migrations[0m
  [4;36;1mSQL (0.5ms)[0m   [0;1m SELECT name
 FROM sqlite_master
 WHERE type = 'table' AND NOT name = 'sqlite_sequence'
[0m
  [4;35;1mSQL (0.2ms)[0m   [0mPRAGMA index_list("users")[0m
  [4;36;1mSQL (0.9ms)[0m   [0;1m SELECT name
 FROM sqlite_master
 WHERE type = 'table' AND NOT name = 'sqlite_sequence'
[0m
  [4;35;1mSQL (0.3ms)[0m   [0mSELECT version FROM schema_migrations[0m
  [4;36;1mSQL (0.4ms)[0m   [0;1mselect sqlite_version(*)[0m
  [4;35;1mSQL (0.3ms)[0m   [0m SELECT name
 FROM sqlite_master
 WHERE type = 'table' AND NOT name = 'sqlite_sequence'
[0m
  [4;36;1mSQL (36.2ms)[0m   [0;1mCREATE TABLE "users" ("id" INTEGER PRIMARY KEY AUTOINCREMENT NOT NULL, "first_name" varchar(255), "last_name" varchar(255), "phone_number" varchar(255), "date_of_birth" date, "city" varchar(255), "state" varchar(255)) [0m
  [4;35;1mSQL (0.4ms)[0m   [0m SELECT name
 FROM sqlite_master
 WHERE type = 'table' AND NOT name = 'sqlite_sequence'
[0m
  [4;36;1mSQL (2.5ms)[0m   [0;1mCREATE TABLE "schema_migrations" ("version" varchar(255) NOT NULL) [0m
  [4;35;1mSQL (2.6ms)[0m   [0mCREATE UNIQUE INDEX "unique_schema_migrations" ON "schema_migrations" ("version")[0m
  [4;36;1mSQL (0.5ms)[0m   [0;1m SELECT name
 FROM sqlite_master
 WHERE type = 'table' AND NOT name = 'sqlite_sequence'
[0m
  [4;35;1mSQL (0.2ms)[0m   [0mSELECT version FROM "schema_migrations"[0m
  [4;36;1mSQL (2.3ms)[0m   [0;1mINSERT INTO "schema_migrations" (version) VALUES ('20100316060557')[0m
  [4;36;1mSQL (1.1ms)[0m   [0;1m SELECT name
 FROM sqlite_master
 WHERE type = 'table' AND NOT name = 'sqlite_sequence'
[0m
  [4;35;1mSQL (0.4ms)[0m   [0mSELECT version FROM schema_migrations[0m
  [4;36;1mSQL (0.5ms)[0m   [0;1m SELECT name
 FROM sqlite_master
 WHERE type = 'table' AND NOT name = 'sqlite_sequence'
[0m
  [4;35;1mSQL (0.4ms)[0m   [0mSELECT version FROM schema_migrations[0m
Migrating to CreateUsers (20100316060557)
  [4;36;1mSQL (0.3ms)[0m   [0;1mselect sqlite_version(*)[0m
  [4;35;1mSQL (0.6ms)[0m   [0mDROP TABLE "users"[0m
  [4;36;1mSQL (0.2ms)[0m   [0;1mDELETE FROM schema_migrations WHERE version = '20100316060557'[0m
  [4;35;1mSQL (0.8ms)[0m   [0m SELECT name
 FROM sqlite_master
 WHERE type = 'table' AND NOT name = 'sqlite_sequence'
[0m
  [4;36;1mSQL (0.2ms)[0m   [0;1mSELECT version FROM schema_migrations[0m
  [4;35;1mSQL (0.3ms)[0m   [0m SELECT name
 FROM sqlite_master
 WHERE type = 'table' AND NOT name = 'sqlite_sequence'
[0m
  [4;36;1mSQL (0.4ms)[0m   [0;1m SELECT name
 FROM sqlite_master
 WHERE type = 'table' AND NOT name = 'sqlite_sequence'
[0m
  [4;35;1mSQL (0.2ms)[0m   [0mSELECT version FROM schema_migrations[0m
Migrating to CreateUsers (20100316060557)
  [4;36;1mSQL (0.9ms)[0m   [0;1mCREATE TABLE "users" ("id" INTEGER PRIMARY KEY AUTOINCREMENT NOT NULL, "first_name" varchar(255), "last_name" varchar(255), "phone_number" varchar(255), "city" varchar(255), "state" varchar(255), "favorite_band" varchar(255)) [0m
  [4;35;1mSQL (0.3ms)[0m   [0mINSERT INTO schema_migrations (version) VALUES ('20100316060557')[0m
  [4;36;1mSQL (0.5ms)[0m   [0;1m SELECT name
 FROM sqlite_master
 WHERE type = 'table' AND NOT name = 'sqlite_sequence'
[0m
  [4;35;1mSQL (0.3ms)[0m   [0mSELECT version FROM schema_migrations[0m
  [4;36;1mSQL (0.5ms)[0m   [0;1m SELECT name
 FROM sqlite_master
 WHERE type = 'table' AND NOT name = 'sqlite_sequence'
[0m
  [4;35;1mSQL (0.2ms)[0m   [0mPRAGMA index_list("users")[0m


Processing ApplicationController#index (for 127.0.0.1 at 2010-03-15 23:25:41) [GET]

NameError (uninitialized constant UsersController):
  

Rendered rescues/_trace (68.2ms)
Rendered rescues/_request_and_response (3.1ms)
Rendering rescues/layout (internal_server_error)


Processing UsersController#index (for 127.0.0.1 at 2010-03-15 23:25:55) [GET]
Rendering users/index

ActionView::TemplateError (You have a nil object when you didn't expect it!
You might have expected an instance of Array.
The error occurred while evaluating nil.each) on line #1 of app/views/users/index.html.erb:
1: <% @users.each do |user| %>
2:   <p><%= link_to "#{user.first_name} #{user.last_name}", "javascript:void(0)" %></p>
3: 
4:   <div class='details'>

    app/views/users/index.html.erb:1

Rendered rescues/_trace (161.0ms)
Rendered rescues/_request_and_response (0.7ms)
Rendering rescues/layout (internal_server_error)


Processing UsersController#index (for 127.0.0.1 at 2010-03-15 23:26:13) [GET]
  [4;36;1mUser Load (0.8ms)[0m   [0;1mSELECT * FROM "users" [0m
Rendering users/index
Completed in 24ms (View: 1, DB: 1) | 200 OK [http://localhost/users]


Processing UsersController#index (for 127.0.0.1 at 2010-03-15 23:26:19) [GET]
  [4;35;1mUser Load (0.5ms)[0m   [0mSELECT * FROM "users" [0m
Rendering users/index
Completed in 20ms (View: 1, DB: 0) | 200 OK [http://localhost/users]


Processing UsersController#index (for 127.0.0.1 at 2010-03-15 23:31:23) [GET]
  [4;36;1mUser Load (1.7ms)[0m   [0;1mSELECT * FROM "users" [0m
Rendering users/index
Completed in 75ms (View: 53, DB: 2) | 200 OK [http://localhost/users]


Processing UsersController#index (for 127.0.0.1 at 2010-03-15 23:32:07) [GET]
  [4;35;1mUser Load (1.5ms)[0m   [0mSELECT * FROM "users" [0m
Rendering users/index
Completed in 40ms (View: 19, DB: 1) | 200 OK [http://localhost/users]


Processing UsersController#index (for 127.0.0.1 at 2010-03-15 23:34:45) [GET]
  [4;36;1mUser Load (1.6ms)[0m   [0;1mSELECT * FROM "users" [0m
Rendering template within layouts/application
Rendering users/index

ActionView::TemplateError (No expansion found for :example) on line #4 of app/views/layouts/application.html.erb:
1: <!DOCTYPE html>
2: <html>
3:   <head>
4:     <%= javascript_include_tag :example %>
5:     <%= stylesheet_link_tag :example %>
6:   </head>
7:   <body>

    app/views/layouts/application.html.erb:4

Rendered rescues/_trace (111.7ms)
Rendered rescues/_request_and_response (0.7ms)
Rendering rescues/layout (internal_server_error)


Processing UsersController#index (for 127.0.0.1 at 2010-03-15 23:35:29) [GET]
  [4;35;1mUser Load (1.6ms)[0m   [0mSELECT * FROM "users" [0m
Rendering template within layouts/application
Rendering users/index
Completed in 70ms (View: 37, DB: 2) | 200 OK [http://localhost/users]


Processing UsersController#index (for 127.0.0.1 at 2010-03-15 23:38:39) [GET]
  [4;36;1mUser Load (1.5ms)[0m   [0;1mSELECT * FROM "users" [0m
Rendering template within layouts/application
Rendering users/index
Completed in 40ms (View: 20, DB: 2) | 200 OK [http://localhost/users]


Processing UsersController#index (for 127.0.0.1 at 2010-03-15 23:39:03) [GET]
  [4;35;1mUser Load (1.6ms)[0m   [0mSELECT * FROM "users" [0m
Rendering template within layouts/application
Rendering users/index
Completed in 32ms (View: 11, DB: 2) | 200 OK [http://localhost/users]


Processing UsersController#index (for 127.0.0.1 at 2010-03-15 23:39:16) [GET]
  [4;36;1mUser Load (1.5ms)[0m   [0;1mSELECT * FROM "users" [0m
Rendering template within layouts/application
Rendering users/index
Completed in 33ms (View: 12, DB: 2) | 200 OK [http://localhost/users]


Processing UsersController#index (for 127.0.0.1 at 2010-03-15 23:39:29) [GET]
  [4;35;1mUser Load (1.8ms)[0m   [0mSELECT * FROM "users" [0m
Rendering template within layouts/application
Rendering users/index
Completed in 33ms (View: 11, DB: 2) | 200 OK [http://localhost/users]


Processing UsersController#index (for 127.0.0.1 at 2010-03-15 23:39:31) [GET]
  [4;36;1mUser Load (1.8ms)[0m   [0;1mSELECT * FROM "users" [0m
Rendering template within layouts/application
Rendering users/index
Completed in 33ms (View: 11, DB: 2) | 200 OK [http://localhost/users]


Processing UsersController#index (for 127.0.0.1 at 2010-03-15 23:39:33) [GET]
  [4;35;1mUser Load (1.7ms)[0m   [0mSELECT * FROM "users" [0m
Rendering template within layouts/application
Rendering users/index
Completed in 33ms (View: 11, DB: 2) | 200 OK [http://localhost/users]


Processing UsersController#index (for 127.0.0.1 at 2010-03-15 23:39:34) [GET]
  [4;36;1mUser Load (1.5ms)[0m   [0;1mSELECT * FROM "users" [0m
Rendering template within layouts/application
Rendering users/index
Completed in 32ms (View: 11, DB: 2) | 200 OK [http://localhost/users]


Processing UsersController#index (for 127.0.0.1 at 2010-03-15 23:39:56) [GET]
  [4;35;1mUser Load (1.8ms)[0m   [0mSELECT * FROM "users" [0m
Rendering template within layouts/application
Rendering users/index
Completed in 33ms (View: 11, DB: 2) | 200 OK [http://localhost/users]


Processing UsersController#index (for 127.0.0.1 at 2010-03-15 23:39:57) [GET]
  [4;36;1mUser Load (1.7ms)[0m   [0;1mSELECT * FROM "users" [0m
Rendering template within layouts/application
Rendering users/index
Completed in 33ms (View: 11, DB: 2) | 200 OK [http://localhost/users]


Processing UsersController#index (for 127.0.0.1 at 2010-03-15 23:40:01) [GET]
  [4;35;1mUser Load (1.5ms)[0m   [0mSELECT * FROM "users" [0m
Rendering template within layouts/application
Rendering users/index
Completed in 31ms (View: 11, DB: 2) | 200 OK [http://localhost/users]


Processing UsersController#index (for 127.0.0.1 at 2010-03-15 23:40:02) [GET]
  [4;36;1mUser Load (1.6ms)[0m   [0;1mSELECT * FROM "users" [0m
Rendering template within layouts/application
Rendering users/index
Completed in 31ms (View: 10, DB: 2) | 200 OK [http://localhost/users]


Processing UsersController#index (for 127.0.0.1 at 2010-03-15 23:41:07) [GET]
  [4;35;1mUser Load (19.7ms)[0m   [0mSELECT * FROM "users" [0m
Rendering template within layouts/application
Rendering users/index
Completed in 144ms (View: 82, DB: 20) | 200 OK [http://localhost/users]
  [4;36;1mSQL (0.9ms)[0m   [0;1m SELECT name
 FROM sqlite_master
 WHERE type = 'table' AND NOT name = 'sqlite_sequence'
[0m
  [4;35;1mSQL (0.3ms)[0m   [0mSELECT version FROM schema_migrations[0m
  [4;36;1mSQL (0.4ms)[0m   [0;1mselect sqlite_version(*)[0m
  [4;35;1mSQL (0.3ms)[0m   [0m SELECT name
 FROM sqlite_master
 WHERE type = 'table' AND NOT name = 'sqlite_sequence'
[0m
  [4;36;1mSQL (2.4ms)[0m   [0;1mCREATE TABLE "users" ("id" INTEGER PRIMARY KEY AUTOINCREMENT NOT NULL, "first_name" varchar(255), "last_name" varchar(255), "phone_number" varchar(255), "city" varchar(255), "state" varchar(255), "favorite_band" varchar(255)) [0m
  [4;35;1mSQL (0.4ms)[0m   [0m SELECT name
 FROM sqlite_master
 WHERE type = 'table' AND NOT name = 'sqlite_sequence'
[0m
  [4;36;1mSQL (4.2ms)[0m   [0;1mCREATE TABLE "schema_migrations" ("version" varchar(255) NOT NULL) [0m
  [4;35;1mSQL (4.6ms)[0m   [0mCREATE UNIQUE INDEX "unique_schema_migrations" ON "schema_migrations" ("version")[0m
  [4;36;1mSQL (0.5ms)[0m   [0;1m SELECT name
 FROM sqlite_master
 WHERE type = 'table' AND NOT name = 'sqlite_sequence'
[0m
  [4;35;1mSQL (0.2ms)[0m   [0mSELECT version FROM "schema_migrations"[0m
  [4;36;1mSQL (30.7ms)[0m   [0;1mINSERT INTO "schema_migrations" (version) VALUES ('20100316060557')[0m
